[2015-01-13 12:42:02]	Cannot open file 
[2015-01-13 12:42:02]	D:\JavaUse\LeetCode\splitWord\Data\KeyBlackList.pdat
[2015-01-13 12:42:02]	Failed Open file Failed Open file 
[2015-01-13 12:42:02]	Error read file
[2015-01-13 12:42:02]	D:\JavaUse\LeetCode\splitWord\source\userdic.txt
[2015-01-13 12:42:02]	Error read file
[2015-01-13 12:42:02]	d:\1.txt
[2015-01-13 12:45:06]	Cannot open file 
[2015-01-13 12:45:06]	D:\JavaUse\LeetCode\splitWord\Data\KeyBlackList.pdat
[2015-01-13 12:45:06]	Failed Open file D:\JavaUse\LeetCode\splitWord\source\userdic.txt
[2015-01-13 12:45:06]	Error read file
[2015-01-13 12:45:06]	D:\JavaUse\LeetCode\splitWord\source\userdic.txt
[2015-01-13 12:45:06]	Error read file
[2015-01-13 12:45:06]	d:\1.txt
[2015-01-13 12:45:16]	Cannot open file 
[2015-01-13 12:45:16]	D:\JavaUse\LeetCode\splitWord\Data\KeyBlackList.pdat
[2015-01-13 12:45:16]	Failed Open file Failed Open file 
[2015-01-13 12:45:16]	Error read file
[2015-01-13 12:45:16]	D:\JavaUse\LeetCode\splitWord\source\userdic.txt
[2015-01-13 12:45:16]	Error read file
[2015-01-13 12:45:16]	d:\1.txt
[2015-01-13 12:45:23]	Cannot open file 
[2015-01-13 12:45:23]	D:\JavaUse\LeetCode\splitWord\Data\KeyBlackList.pdat
[2015-01-13 12:45:23]	Failed Open file Failed Open file 
[2015-01-13 12:45:23]	Error read file
[2015-01-13 12:45:23]	D:\JavaUse\LeetCode\splitWord\source\userdic.txt
[2015-01-13 12:45:23]	Error read file
[2015-01-13 12:45:23]	d:\1.txt
[2015-01-13 12:51:02]	Cannot open file 
[2015-01-13 12:51:02]	D:\JavaUse\LeetCode\splitWord\Data\KeyBlackList.pdat
[2015-01-13 12:51:02]	Failed Open file Failed Open file 
[2015-01-13 12:51:02]	Error read file
[2015-01-13 12:51:02]	D:\JavaUse\LeetCode\splitWord\source\userdic.txt
[2015-01-13 12:51:02]	Error read file
[2015-01-13 12:51:02]	d:\1.txt
[2015-01-13 12:53:30]	Cannot open file 
[2015-01-13 12:53:30]	D:\JavaUse\LeetCode\splitWord\Data\KeyBlackList.pdat
[2015-01-13 12:53:35]	Cannot open file 
[2015-01-13 12:53:35]	D:\JavaUse\LeetCode\splitWord\Data\KeyBlackList.pdat
[2015-01-13 13:00:23]	Cannot open file 
[2015-01-13 13:00:23]	D:\JavaUse\splitWord\Data\KeyBlackList.pdat
[2015-01-13 13:00:23]	Failed Open file Failed Open file 
[2015-01-13 13:00:23]	Error read file
[2015-01-13 13:00:23]	D:\JavaUse\splitWord\source\userdic.txt
[2015-01-13 13:00:23]	Error read file
[2015-01-13 13:00:23]	d:\1.txt
[2015-01-13 13:05:09]	Cannot open file 
[2015-01-13 13:05:09]	D:\JavaUse\splitWord\Data\KeyBlackList.pdat
[2015-01-13 13:56:16]	Cannot open file 
[2015-01-13 13:56:16]	D:\JavaUse\splitWord\Data\KeyBlackList.pdat
[2015-01-13 13:56:16]	Failed Open file Failed Open file 
[2015-01-13 13:56:16]	Error read file
[2015-01-13 13:56:16]	D:\JavaUse\splitWord\source\userdic.txt
[2015-01-13 13:56:16]	Error read file
[2015-01-13 13:56:16]	d:\1.txt
[2015-01-13 13:56:42]	Cannot open file 
[2015-01-13 13:56:42]	D:\JavaUse\splitWord\Data\KeyBlackList.pdat
[2015-01-13 13:56:54]	Cannot open file 
[2015-01-13 13:56:54]	D:\JavaUse\splitWord\Data\KeyBlackList.pdat
[2015-01-13 13:57:06]	Cannot open file 
[2015-01-13 13:57:06]	D:\JavaUse\splitWord\Data\KeyBlackList.pdat
[2015-01-13 14:11:04]	Cannot open file 
[2015-01-13 14:11:04]	D:\JavaUse\splitWord\Data\KeyBlackList.pdat
[2015-01-13 14:11:48]	Cannot open file 
[2015-01-13 14:11:48]	D:\JavaUse\splitWord\Data\KeyBlackList.pdat
[2015-01-13 14:12:19]	Cannot open file 
[2015-01-13 14:12:19]	D:\JavaUse\splitWord\Data\KeyBlackList.pdat
[2015-01-13 14:16:20]	Cannot open file 
[2015-01-13 14:16:20]	D:\JavaUse\splitWord\Data\KeyBlackList.pdat
[2015-01-13 14:17:04]	Cannot open file 
[2015-01-13 14:17:04]	D:\JavaUse\splitWord\Data\KeyBlackList.pdat
[2015-01-13 14:17:15]	Cannot open file 
[2015-01-13 14:17:15]	D:\JavaUse\splitWord\Data\KeyBlackList.pdat
[2015-01-13 14:17:25]	Cannot open file 
[2015-01-13 14:17:25]	D:\JavaUse\splitWord\Data\KeyBlackList.pdat
[2015-01-13 14:17:39]	Cannot open file 
[2015-01-13 14:17:39]	D:\JavaUse\splitWord\Data\KeyBlackList.pdat
[2015-01-13 14:21:53]	Cannot open file 
[2015-01-13 14:21:53]	D:\JavaUse\splitWord\Data\KeyBlackList.pdat
[2015-01-13 14:21:53]	Cannot open file 
[2015-01-13 14:21:53]	D:\JavaUse\splitWord\Data\KeyBlackList.pdat
[2015-01-13 14:21:53]	Cannot open file 
[2015-01-13 14:21:53]	D:\JavaUse\splitWord\Data\KeyBlackList.pdat
[2015-01-13 14:21:53]	Cannot open file 
[2015-01-13 14:21:53]	D:\JavaUse\splitWord\Data\KeyBlackList.pdat
[2015-01-13 14:21:53]	Cannot open file 
[2015-01-13 14:21:53]	D:\JavaUse\splitWord\Data\KeyBlackList.pdat
[2015-01-13 14:21:53]	Cannot open file 
[2015-01-13 14:21:53]	D:\JavaUse\splitWord\Data\KeyBlackList.pdat
[2015-01-13 14:21:53]	Cannot open file 
[2015-01-13 14:21:53]	D:\JavaUse\splitWord\Data\KeyBlackList.pdat
[2015-01-13 14:21:53]	Cannot open file 
[2015-01-13 14:21:53]	D:\JavaUse\splitWord\Data\KeyBlackList.pdat
[2015-01-13 14:21:53]	Cannot open file 
[2015-01-13 14:21:53]	D:\JavaUse\splitWord\Data\KeyBlackList.pdat
[2015-01-13 14:21:53]	Cannot open file 
[2015-01-13 14:21:53]	D:\JavaUse\splitWord\Data\KeyBlackList.pdat
[2015-01-13 14:21:53]	Cannot open file 
[2015-01-13 14:21:53]	D:\JavaUse\splitWord\Data\KeyBlackList.pdat
[2015-01-13 14:21:53]	Cannot open file 
[2015-01-13 14:21:53]	D:\JavaUse\splitWord\Data\KeyBlackList.pdat
[2015-01-13 14:21:53]	Cannot open file 
[2015-01-13 14:21:53]	D:\JavaUse\splitWord\Data\KeyBlackList.pdat
[2015-01-13 14:21:53]	Cannot open file 
[2015-01-13 14:21:53]	D:\JavaUse\splitWord\Data\KeyBlackList.pdat
[2015-01-13 14:21:53]	Cannot open file 
[2015-01-13 14:21:53]	D:\JavaUse\splitWord\Data\KeyBlackList.pdat
[2015-01-13 14:21:54]	Cannot open file 
[2015-01-13 14:21:54]	D:\JavaUse\splitWord\Data\KeyBlackList.pdat
[2015-01-13 14:21:54]	Cannot open file 
[2015-01-13 14:21:54]	D:\JavaUse\splitWord\Data\KeyBlackList.pdat
[2015-01-13 14:21:54]	Cannot open file 
[2015-01-13 14:21:54]	D:\JavaUse\splitWord\Data\KeyBlackList.pdat
[2015-01-13 14:21:54]	Cannot open file 
[2015-01-13 14:21:54]	D:\JavaUse\splitWord\Data\KeyBlackList.pdat
[2015-01-13 14:24:06]	Cannot open file 
[2015-01-13 14:24:06]	D:\JavaUse\splitWord\Data\KeyBlackList.pdat
[2015-01-13 14:24:06]	Cannot open file 
[2015-01-13 14:24:06]	D:\JavaUse\splitWord\Data\KeyBlackList.pdat
[2015-01-13 14:24:06]	Cannot open file 
[2015-01-13 14:24:06]	D:\JavaUse\splitWord\Data\KeyBlackList.pdat
[2015-01-13 14:24:06]	Cannot open file 
[2015-01-13 14:24:06]	D:\JavaUse\splitWord\Data\KeyBlackList.pdat
[2015-01-13 14:24:06]	Cannot open file 
[2015-01-13 14:24:06]	D:\JavaUse\splitWord\Data\KeyBlackList.pdat
[2015-01-13 14:24:06]	Cannot open file 
[2015-01-13 14:24:06]	D:\JavaUse\splitWord\Data\KeyBlackList.pdat
[2015-01-13 14:24:06]	Cannot open file 
[2015-01-13 14:24:06]	D:\JavaUse\splitWord\Data\KeyBlackList.pdat
[2015-01-13 14:24:06]	Cannot open file 
[2015-01-13 14:24:06]	D:\JavaUse\splitWord\Data\KeyBlackList.pdat
[2015-01-13 14:24:06]	Cannot open file 
[2015-01-13 14:24:06]	D:\JavaUse\splitWord\Data\KeyBlackList.pdat
[2015-01-13 14:24:06]	Cannot open file 
[2015-01-13 14:24:06]	D:\JavaUse\splitWord\Data\KeyBlackList.pdat
[2015-01-13 14:24:06]	Cannot open file 
[2015-01-13 14:24:06]	D:\JavaUse\splitWord\Data\KeyBlackList.pdat
[2015-01-13 14:24:06]	Cannot open file 
[2015-01-13 14:24:06]	D:\JavaUse\splitWord\Data\KeyBlackList.pdat
[2015-01-13 14:24:06]	Cannot open file 
[2015-01-13 14:24:06]	D:\JavaUse\splitWord\Data\KeyBlackList.pdat
[2015-01-13 14:24:06]	Cannot open file 
[2015-01-13 14:24:06]	D:\JavaUse\splitWord\Data\KeyBlackList.pdat
[2015-01-13 14:24:06]	Cannot open file 
[2015-01-13 14:24:06]	D:\JavaUse\splitWord\Data\KeyBlackList.pdat
[2015-01-13 14:24:06]	Cannot open file 
[2015-01-13 14:24:06]	D:\JavaUse\splitWord\Data\KeyBlackList.pdat
[2015-01-13 14:24:06]	Cannot open file 
[2015-01-13 14:24:06]	D:\JavaUse\splitWord\Data\KeyBlackList.pdat
[2015-01-13 14:24:06]	Cannot open file 
[2015-01-13 14:24:06]	D:\JavaUse\splitWord\Data\KeyBlackList.pdat
[2015-01-13 14:24:06]	Cannot open file 
[2015-01-13 14:24:06]	D:\JavaUse\splitWord\Data\KeyBlackList.pdat
[2015-01-13 14:33:35]	Cannot open file 
[2015-01-13 14:33:35]	D:\JavaUse\splitWord\Data\KeyBlackList.pdat
[2015-01-13 14:33:35]	Cannot open file 
[2015-01-13 14:33:35]	D:\JavaUse\splitWord\Data\KeyBlackList.pdat
[2015-01-13 14:33:35]	Cannot open file 
[2015-01-13 14:33:35]	D:\JavaUse\splitWord\Data\KeyBlackList.pdat
[2015-01-13 14:33:35]	Cannot open file 
[2015-01-13 14:33:35]	D:\JavaUse\splitWord\Data\KeyBlackList.pdat
[2015-01-13 14:33:35]	Cannot open file 
[2015-01-13 14:33:35]	D:\JavaUse\splitWord\Data\KeyBlackList.pdat
[2015-01-13 14:33:35]	Cannot open file 
[2015-01-13 14:33:35]	D:\JavaUse\splitWord\Data\KeyBlackList.pdat
[2015-01-13 14:33:35]	Cannot open file 
[2015-01-13 14:33:35]	D:\JavaUse\splitWord\Data\KeyBlackList.pdat
[2015-01-13 14:33:35]	Cannot open file 
[2015-01-13 14:33:35]	D:\JavaUse\splitWord\Data\KeyBlackList.pdat
[2015-01-13 14:33:35]	Cannot open file 
[2015-01-13 14:33:35]	D:\JavaUse\splitWord\Data\KeyBlackList.pdat
[2015-01-13 14:33:35]	Cannot open file 
[2015-01-13 14:33:35]	D:\JavaUse\splitWord\Data\KeyBlackList.pdat
[2015-01-13 14:33:35]	Cannot open file 
[2015-01-13 14:33:35]	D:\JavaUse\splitWord\Data\KeyBlackList.pdat
[2015-01-13 14:33:35]	Cannot open file 
[2015-01-13 14:33:35]	D:\JavaUse\splitWord\Data\KeyBlackList.pdat
[2015-01-13 14:33:35]	Cannot open file 
[2015-01-13 14:33:35]	D:\JavaUse\splitWord\Data\KeyBlackList.pdat
[2015-01-13 14:33:35]	Cannot open file 
[2015-01-13 14:33:35]	D:\JavaUse\splitWord\Data\KeyBlackList.pdat
[2015-01-13 14:33:35]	Cannot open file 
[2015-01-13 14:33:35]	D:\JavaUse\splitWord\Data\KeyBlackList.pdat
[2015-01-13 14:33:35]	Cannot open file 
[2015-01-13 14:33:35]	D:\JavaUse\splitWord\Data\KeyBlackList.pdat
[2015-01-13 14:33:35]	Cannot open file 
[2015-01-13 14:33:35]	D:\JavaUse\splitWord\Data\KeyBlackList.pdat
[2015-01-13 14:33:35]	Cannot open file 
[2015-01-13 14:33:35]	D:\JavaUse\splitWord\Data\KeyBlackList.pdat
[2015-01-13 14:33:35]	Cannot open file 
[2015-01-13 14:33:35]	D:\JavaUse\splitWord\Data\KeyBlackList.pdat
[2015-01-13 14:34:08]	Cannot open file 
[2015-01-13 14:34:08]	D:\JavaUse\splitWord\Data\KeyBlackList.pdat
[2015-01-13 14:34:08]	Cannot open file 
[2015-01-13 14:34:08]	D:\JavaUse\splitWord\Data\KeyBlackList.pdat
[2015-01-13 14:34:08]	Cannot open file 
[2015-01-13 14:34:08]	D:\JavaUse\splitWord\Data\KeyBlackList.pdat
[2015-01-13 14:34:08]	Cannot open file 
[2015-01-13 14:34:08]	D:\JavaUse\splitWord\Data\KeyBlackList.pdat
[2015-01-13 14:34:08]	Cannot open file 
[2015-01-13 14:34:08]	D:\JavaUse\splitWord\Data\KeyBlackList.pdat
[2015-01-13 14:34:08]	Cannot open file 
[2015-01-13 14:34:08]	D:\JavaUse\splitWord\Data\KeyBlackList.pdat
[2015-01-13 14:34:08]	Cannot open file 
[2015-01-13 14:34:08]	D:\JavaUse\splitWord\Data\KeyBlackList.pdat
[2015-01-13 14:34:08]	Cannot open file 
[2015-01-13 14:34:08]	D:\JavaUse\splitWord\Data\KeyBlackList.pdat
[2015-01-13 14:34:08]	Cannot open file 
[2015-01-13 14:34:08]	D:\JavaUse\splitWord\Data\KeyBlackList.pdat
[2015-01-13 14:34:08]	Cannot open file 
[2015-01-13 14:34:08]	D:\JavaUse\splitWord\Data\KeyBlackList.pdat
[2015-01-13 14:34:08]	Cannot open file 
[2015-01-13 14:34:08]	D:\JavaUse\splitWord\Data\KeyBlackList.pdat
[2015-01-13 14:34:08]	Cannot open file 
[2015-01-13 14:34:08]	D:\JavaUse\splitWord\Data\KeyBlackList.pdat
[2015-01-13 14:34:08]	Cannot open file 
[2015-01-13 14:34:08]	D:\JavaUse\splitWord\Data\KeyBlackList.pdat
[2015-01-13 14:34:08]	Cannot open file 
[2015-01-13 14:34:08]	D:\JavaUse\splitWord\Data\KeyBlackList.pdat
[2015-01-13 14:34:08]	Cannot open file 
[2015-01-13 14:34:08]	D:\JavaUse\splitWord\Data\KeyBlackList.pdat
[2015-01-13 14:34:08]	Cannot open file 
[2015-01-13 14:34:08]	D:\JavaUse\splitWord\Data\KeyBlackList.pdat
[2015-01-13 14:34:08]	Cannot open file 
[2015-01-13 14:34:08]	D:\JavaUse\splitWord\Data\KeyBlackList.pdat
[2015-01-13 14:34:08]	Cannot open file 
[2015-01-13 14:34:08]	D:\JavaUse\splitWord\Data\KeyBlackList.pdat
[2015-01-13 14:34:08]	Cannot open file 
[2015-01-13 14:34:08]	D:\JavaUse\splitWord\Data\KeyBlackList.pdat
[2015-01-13 14:34:29]	Cannot open file 
[2015-01-13 14:34:29]	D:\JavaUse\splitWord\Data\KeyBlackList.pdat
[2015-01-13 14:34:29]	Cannot open file 
[2015-01-13 14:34:29]	D:\JavaUse\splitWord\Data\KeyBlackList.pdat
[2015-01-13 14:34:29]	Cannot open file 
[2015-01-13 14:34:29]	D:\JavaUse\splitWord\Data\KeyBlackList.pdat
[2015-01-13 14:34:29]	Cannot open file 
[2015-01-13 14:34:29]	D:\JavaUse\splitWord\Data\KeyBlackList.pdat
[2015-01-13 14:34:29]	Cannot open file 
[2015-01-13 14:34:29]	D:\JavaUse\splitWord\Data\KeyBlackList.pdat
[2015-01-13 14:34:29]	Cannot open file 
[2015-01-13 14:34:29]	D:\JavaUse\splitWord\Data\KeyBlackList.pdat
[2015-01-13 14:34:29]	Cannot open file 
[2015-01-13 14:34:29]	D:\JavaUse\splitWord\Data\KeyBlackList.pdat
[2015-01-13 14:34:29]	Cannot open file 
[2015-01-13 14:34:29]	D:\JavaUse\splitWord\Data\KeyBlackList.pdat
[2015-01-13 14:34:29]	Cannot open file 
[2015-01-13 14:34:29]	D:\JavaUse\splitWord\Data\KeyBlackList.pdat
[2015-01-13 14:34:29]	Cannot open file 
[2015-01-13 14:34:29]	D:\JavaUse\splitWord\Data\KeyBlackList.pdat
[2015-01-13 14:34:29]	Cannot open file 
[2015-01-13 14:34:29]	D:\JavaUse\splitWord\Data\KeyBlackList.pdat
[2015-01-13 14:34:29]	Cannot open file 
[2015-01-13 14:34:29]	D:\JavaUse\splitWord\Data\KeyBlackList.pdat
[2015-01-13 14:34:29]	Cannot open file 
[2015-01-13 14:34:29]	D:\JavaUse\splitWord\Data\KeyBlackList.pdat
[2015-01-13 14:34:29]	Cannot open file 
[2015-01-13 14:34:29]	D:\JavaUse\splitWord\Data\KeyBlackList.pdat
[2015-01-13 14:34:29]	Cannot open file 
[2015-01-13 14:34:29]	D:\JavaUse\splitWord\Data\KeyBlackList.pdat
[2015-01-13 14:34:29]	Cannot open file 
[2015-01-13 14:34:29]	D:\JavaUse\splitWord\Data\KeyBlackList.pdat
[2015-01-13 14:34:29]	Cannot open file 
[2015-01-13 14:34:29]	D:\JavaUse\splitWord\Data\KeyBlackList.pdat
[2015-01-13 14:34:29]	Cannot open file 
[2015-01-13 14:34:29]	D:\JavaUse\splitWord\Data\KeyBlackList.pdat
[2015-01-13 14:34:29]	Cannot open file 
[2015-01-13 14:34:29]	D:\JavaUse\splitWord\Data\KeyBlackList.pdat
[2015-01-13 14:34:50]	Cannot open file 
[2015-01-13 14:34:50]	D:\JavaUse\splitWord\Data\KeyBlackList.pdat
[2015-01-13 14:34:50]	Cannot open file 
[2015-01-13 14:34:50]	D:\JavaUse\splitWord\Data\KeyBlackList.pdat
[2015-01-13 14:34:50]	Cannot open file 
[2015-01-13 14:34:50]	D:\JavaUse\splitWord\Data\KeyBlackList.pdat
[2015-01-13 14:34:50]	Cannot open file 
[2015-01-13 14:34:50]	D:\JavaUse\splitWord\Data\KeyBlackList.pdat
[2015-01-13 14:34:51]	Cannot open file 
[2015-01-13 14:34:51]	D:\JavaUse\splitWord\Data\KeyBlackList.pdat
[2015-01-13 14:34:51]	Cannot open file 
[2015-01-13 14:34:51]	D:\JavaUse\splitWord\Data\KeyBlackList.pdat
[2015-01-13 14:34:51]	Cannot open file 
[2015-01-13 14:34:51]	D:\JavaUse\splitWord\Data\KeyBlackList.pdat
[2015-01-13 14:34:51]	Cannot open file 
[2015-01-13 14:34:51]	D:\JavaUse\splitWord\Data\KeyBlackList.pdat
[2015-01-13 14:34:51]	Cannot open file 
[2015-01-13 14:34:51]	D:\JavaUse\splitWord\Data\KeyBlackList.pdat
[2015-01-13 14:34:51]	Cannot open file 
[2015-01-13 14:34:51]	D:\JavaUse\splitWord\Data\KeyBlackList.pdat
[2015-01-13 14:34:51]	Cannot open file 
[2015-01-13 14:34:51]	D:\JavaUse\splitWord\Data\KeyBlackList.pdat
[2015-01-13 14:34:51]	Cannot open file 
[2015-01-13 14:34:51]	D:\JavaUse\splitWord\Data\KeyBlackList.pdat
[2015-01-13 14:34:51]	Cannot open file 
[2015-01-13 14:34:51]	D:\JavaUse\splitWord\Data\KeyBlackList.pdat
[2015-01-13 14:34:51]	Cannot open file 
[2015-01-13 14:34:51]	D:\JavaUse\splitWord\Data\KeyBlackList.pdat
[2015-01-13 14:34:51]	Cannot open file 
[2015-01-13 14:34:51]	D:\JavaUse\splitWord\Data\KeyBlackList.pdat
[2015-01-13 14:34:51]	Cannot open file 
[2015-01-13 14:34:51]	D:\JavaUse\splitWord\Data\KeyBlackList.pdat
[2015-01-13 14:34:51]	Cannot open file 
[2015-01-13 14:34:51]	D:\JavaUse\splitWord\Data\KeyBlackList.pdat
[2015-01-13 14:34:51]	Cannot open file 
[2015-01-13 14:34:51]	D:\JavaUse\splitWord\Data\KeyBlackList.pdat
[2015-01-13 14:34:51]	Cannot open file 
[2015-01-13 14:34:51]	D:\JavaUse\splitWord\Data\KeyBlackList.pdat
[2015-01-13 14:38:26]	Cannot open file 
[2015-01-13 14:38:26]	D:\JavaUse\splitWord\Data\KeyBlackList.pdat
[2015-01-13 14:38:26]	Cannot open file 
[2015-01-13 14:38:26]	D:\JavaUse\splitWord\Data\KeyBlackList.pdat
[2015-01-13 14:38:26]	Cannot open file 
[2015-01-13 14:38:26]	D:\JavaUse\splitWord\Data\KeyBlackList.pdat
[2015-01-13 14:38:26]	Cannot open file 
[2015-01-13 14:38:26]	D:\JavaUse\splitWord\Data\KeyBlackList.pdat
[2015-01-13 14:38:26]	Cannot open file 
[2015-01-13 14:38:26]	D:\JavaUse\splitWord\Data\KeyBlackList.pdat
[2015-01-13 14:38:26]	Cannot open file 
[2015-01-13 14:38:26]	D:\JavaUse\splitWord\Data\KeyBlackList.pdat
[2015-01-13 14:38:26]	Cannot open file 
[2015-01-13 14:38:26]	D:\JavaUse\splitWord\Data\KeyBlackList.pdat
[2015-01-13 14:38:26]	Cannot open file 
[2015-01-13 14:38:26]	D:\JavaUse\splitWord\Data\KeyBlackList.pdat
[2015-01-13 14:38:26]	Cannot open file 
[2015-01-13 14:38:26]	D:\JavaUse\splitWord\Data\KeyBlackList.pdat
[2015-01-13 14:38:26]	Cannot open file 
[2015-01-13 14:38:26]	D:\JavaUse\splitWord\Data\KeyBlackList.pdat
[2015-01-13 14:38:26]	Cannot open file 
[2015-01-13 14:38:26]	D:\JavaUse\splitWord\Data\KeyBlackList.pdat
[2015-01-13 14:38:26]	Cannot open file 
[2015-01-13 14:38:26]	D:\JavaUse\splitWord\Data\KeyBlackList.pdat
[2015-01-13 14:38:26]	Cannot open file 
[2015-01-13 14:38:26]	D:\JavaUse\splitWord\Data\KeyBlackList.pdat
[2015-01-13 14:38:26]	Cannot open file 
[2015-01-13 14:38:26]	D:\JavaUse\splitWord\Data\KeyBlackList.pdat
[2015-01-13 14:38:26]	Cannot open file 
[2015-01-13 14:38:26]	D:\JavaUse\splitWord\Data\KeyBlackList.pdat
[2015-01-13 14:38:26]	Cannot open file 
[2015-01-13 14:38:26]	D:\JavaUse\splitWord\Data\KeyBlackList.pdat
[2015-01-13 14:38:26]	Cannot open file 
[2015-01-13 14:38:26]	D:\JavaUse\splitWord\Data\KeyBlackList.pdat
[2015-01-13 14:38:26]	Cannot open file 
[2015-01-13 14:38:26]	D:\JavaUse\splitWord\Data\KeyBlackList.pdat
[2015-01-13 14:38:26]	Cannot open file 
[2015-01-13 14:38:26]	D:\JavaUse\splitWord\Data\KeyBlackList.pdat
[2015-01-13 14:38:30]	Cannot open file 
[2015-01-13 14:38:30]	D:\JavaUse\splitWord\Data\KeyBlackList.pdat
[2015-01-13 14:38:30]	Cannot open file 
[2015-01-13 14:38:30]	D:\JavaUse\splitWord\Data\KeyBlackList.pdat
[2015-01-13 14:38:30]	Cannot open file 
[2015-01-13 14:38:30]	D:\JavaUse\splitWord\Data\KeyBlackList.pdat
[2015-01-13 14:38:31]	Cannot open file 
[2015-01-13 14:38:31]	D:\JavaUse\splitWord\Data\KeyBlackList.pdat
[2015-01-13 14:38:31]	Cannot open file 
[2015-01-13 14:38:31]	D:\JavaUse\splitWord\Data\KeyBlackList.pdat
[2015-01-13 14:38:31]	Cannot open file 
[2015-01-13 14:38:31]	D:\JavaUse\splitWord\Data\KeyBlackList.pdat
[2015-01-13 14:38:31]	Cannot open file 
[2015-01-13 14:38:31]	D:\JavaUse\splitWord\Data\KeyBlackList.pdat
[2015-01-13 14:38:31]	Cannot open file 
[2015-01-13 14:38:31]	D:\JavaUse\splitWord\Data\KeyBlackList.pdat
[2015-01-13 14:38:31]	Cannot open file 
[2015-01-13 14:38:31]	D:\JavaUse\splitWord\Data\KeyBlackList.pdat
[2015-01-13 14:38:31]	Cannot open file 
[2015-01-13 14:38:31]	D:\JavaUse\splitWord\Data\KeyBlackList.pdat
[2015-01-13 14:38:31]	Cannot open file 
[2015-01-13 14:38:31]	D:\JavaUse\splitWord\Data\KeyBlackList.pdat
[2015-01-13 14:38:31]	Cannot open file 
[2015-01-13 14:38:31]	D:\JavaUse\splitWord\Data\KeyBlackList.pdat
[2015-01-13 14:38:31]	Cannot open file 
[2015-01-13 14:38:31]	D:\JavaUse\splitWord\Data\KeyBlackList.pdat
[2015-01-13 14:38:31]	Cannot open file 
[2015-01-13 14:38:31]	D:\JavaUse\splitWord\Data\KeyBlackList.pdat
[2015-01-13 14:38:31]	Cannot open file 
[2015-01-13 14:38:31]	D:\JavaUse\splitWord\Data\KeyBlackList.pdat
[2015-01-13 14:38:31]	Cannot open file 
[2015-01-13 14:38:31]	D:\JavaUse\splitWord\Data\KeyBlackList.pdat
[2015-01-13 14:38:31]	Cannot open file 
[2015-01-13 14:38:31]	D:\JavaUse\splitWord\Data\KeyBlackList.pdat
[2015-01-13 14:38:31]	Cannot open file 
[2015-01-13 14:38:31]	D:\JavaUse\splitWord\Data\KeyBlackList.pdat
[2015-01-13 14:38:31]	Cannot open file 
[2015-01-13 14:38:31]	D:\JavaUse\splitWord\Data\KeyBlackList.pdat
[2015-01-13 14:39:49]	Cannot open file 
[2015-01-13 14:39:49]	D:\JavaUse\splitWord\Data\KeyBlackList.pdat
[2015-01-13 14:40:52]	Cannot open file 
[2015-01-13 14:40:52]	D:\JavaUse\splitWord\Data\KeyBlackList.pdat
[2015-01-13 14:40:54]	Cannot open file 
[2015-01-13 14:40:54]	D:\JavaUse\splitWord\Data\KeyBlackList.pdat
[2015-01-13 14:40:54]	Cannot open file 
[2015-01-13 14:40:54]	D:\JavaUse\splitWord\Data\KeyBlackList.pdat
[2015-01-13 14:40:54]	Cannot open file 
[2015-01-13 14:40:54]	D:\JavaUse\splitWord\Data\KeyBlackList.pdat
[2015-01-13 14:40:54]	Cannot open file 
[2015-01-13 14:40:54]	D:\JavaUse\splitWord\Data\KeyBlackList.pdat
[2015-01-13 14:40:54]	Cannot open file 
[2015-01-13 14:40:54]	D:\JavaUse\splitWord\Data\KeyBlackList.pdat
[2015-01-13 14:40:54]	Cannot open file 
[2015-01-13 14:40:54]	D:\JavaUse\splitWord\Data\KeyBlackList.pdat
[2015-01-13 14:40:54]	Cannot open file 
[2015-01-13 14:40:54]	D:\JavaUse\splitWord\Data\KeyBlackList.pdat
[2015-01-13 14:40:54]	Cannot open file 
[2015-01-13 14:40:54]	D:\JavaUse\splitWord\Data\KeyBlackList.pdat
[2015-01-13 14:40:54]	Cannot open file 
[2015-01-13 14:40:54]	D:\JavaUse\splitWord\Data\KeyBlackList.pdat
[2015-01-13 14:40:54]	Cannot open file 
[2015-01-13 14:40:54]	D:\JavaUse\splitWord\Data\KeyBlackList.pdat
[2015-01-13 14:40:54]	Cannot open file 
[2015-01-13 14:40:54]	D:\JavaUse\splitWord\Data\KeyBlackList.pdat
[2015-01-13 14:40:54]	Cannot open file 
[2015-01-13 14:40:54]	D:\JavaUse\splitWord\Data\KeyBlackList.pdat
[2015-01-13 14:40:54]	Cannot open file 
[2015-01-13 14:40:54]	D:\JavaUse\splitWord\Data\KeyBlackList.pdat
[2015-01-13 14:40:54]	Cannot open file 
[2015-01-13 14:40:54]	D:\JavaUse\splitWord\Data\KeyBlackList.pdat
[2015-01-13 14:40:54]	Cannot open file 
[2015-01-13 14:40:54]	D:\JavaUse\splitWord\Data\KeyBlackList.pdat
[2015-01-13 14:40:54]	Cannot open file 
[2015-01-13 14:40:54]	D:\JavaUse\splitWord\Data\KeyBlackList.pdat
[2015-01-13 14:40:54]	Cannot open file 
[2015-01-13 14:40:54]	D:\JavaUse\splitWord\Data\KeyBlackList.pdat
[2015-01-13 14:46:10]	Cannot open file 
[2015-01-13 14:46:10]	D:\JavaUse\splitWord\Data\KeyBlackList.pdat
[2015-01-13 14:46:10]	Cannot open file 
[2015-01-13 14:46:10]	D:\JavaUse\splitWord\Data\KeyBlackList.pdat
[2015-01-13 14:46:10]	Cannot open file 
[2015-01-13 14:46:10]	D:\JavaUse\splitWord\Data\KeyBlackList.pdat
[2015-01-13 14:46:10]	Cannot open file 
[2015-01-13 14:46:10]	D:\JavaUse\splitWord\Data\KeyBlackList.pdat
[2015-01-13 14:46:10]	Cannot open file 
[2015-01-13 14:46:10]	D:\JavaUse\splitWord\Data\KeyBlackList.pdat
[2015-01-13 14:46:10]	Cannot open file 
[2015-01-13 14:46:10]	D:\JavaUse\splitWord\Data\KeyBlackList.pdat
[2015-01-13 14:46:10]	Cannot open file 
[2015-01-13 14:46:10]	D:\JavaUse\splitWord\Data\KeyBlackList.pdat
[2015-01-13 14:46:10]	Cannot open file 
[2015-01-13 14:46:10]	D:\JavaUse\splitWord\Data\KeyBlackList.pdat
[2015-01-13 14:46:10]	Cannot open file 
[2015-01-13 14:46:10]	D:\JavaUse\splitWord\Data\KeyBlackList.pdat
[2015-01-13 14:46:10]	Cannot open file 
[2015-01-13 14:46:10]	D:\JavaUse\splitWord\Data\KeyBlackList.pdat
[2015-01-13 14:46:10]	Cannot open file 
[2015-01-13 14:46:10]	D:\JavaUse\splitWord\Data\KeyBlackList.pdat
[2015-01-13 14:46:10]	Cannot open file 
[2015-01-13 14:46:10]	D:\JavaUse\splitWord\Data\KeyBlackList.pdat
[2015-01-13 14:46:10]	Cannot open file 
[2015-01-13 14:46:10]	D:\JavaUse\splitWord\Data\KeyBlackList.pdat
[2015-01-13 14:46:10]	Cannot open file 
[2015-01-13 14:46:10]	D:\JavaUse\splitWord\Data\KeyBlackList.pdat
[2015-01-13 14:46:10]	Cannot open file 
[2015-01-13 14:46:10]	D:\JavaUse\splitWord\Data\KeyBlackList.pdat
[2015-01-13 14:46:11]	Cannot open file 
[2015-01-13 14:46:11]	D:\JavaUse\splitWord\Data\KeyBlackList.pdat
[2015-01-13 14:46:11]	Cannot open file 
[2015-01-13 14:46:11]	D:\JavaUse\splitWord\Data\KeyBlackList.pdat
[2015-01-13 14:46:11]	Cannot open file 
[2015-01-13 14:46:11]	D:\JavaUse\splitWord\Data\KeyBlackList.pdat
[2015-01-13 14:46:11]	Cannot open file 
[2015-01-13 14:46:11]	D:\JavaUse\splitWord\Data\KeyBlackList.pdat
[2015-01-13 14:46:52]	Cannot open file 
[2015-01-13 14:46:52]	D:\JavaUse\splitWord\Data\KeyBlackList.pdat
[2015-01-13 14:46:52]	Cannot open file 
[2015-01-13 14:46:52]	D:\JavaUse\splitWord\Data\KeyBlackList.pdat
[2015-01-13 14:46:52]	Cannot open file 
[2015-01-13 14:46:52]	D:\JavaUse\splitWord\Data\KeyBlackList.pdat
[2015-01-13 14:46:52]	Cannot open file 
[2015-01-13 14:46:52]	D:\JavaUse\splitWord\Data\KeyBlackList.pdat
[2015-01-13 14:46:52]	Cannot open file 
[2015-01-13 14:46:52]	D:\JavaUse\splitWord\Data\KeyBlackList.pdat
[2015-01-13 14:46:52]	Cannot open file 
[2015-01-13 14:46:52]	D:\JavaUse\splitWord\Data\KeyBlackList.pdat
[2015-01-13 14:46:52]	Cannot open file 
[2015-01-13 14:46:52]	D:\JavaUse\splitWord\Data\KeyBlackList.pdat
[2015-01-13 14:46:52]	Cannot open file 
[2015-01-13 14:46:52]	D:\JavaUse\splitWord\Data\KeyBlackList.pdat
[2015-01-13 14:46:52]	Cannot open file 
[2015-01-13 14:46:52]	D:\JavaUse\splitWord\Data\KeyBlackList.pdat
[2015-01-13 14:46:52]	Cannot open file 
[2015-01-13 14:46:52]	D:\JavaUse\splitWord\Data\KeyBlackList.pdat
[2015-01-13 14:46:52]	Cannot open file 
[2015-01-13 14:46:52]	D:\JavaUse\splitWord\Data\KeyBlackList.pdat
[2015-01-13 14:46:52]	Cannot open file 
[2015-01-13 14:46:52]	D:\JavaUse\splitWord\Data\KeyBlackList.pdat
[2015-01-13 14:46:52]	Cannot open file 
[2015-01-13 14:46:52]	D:\JavaUse\splitWord\Data\KeyBlackList.pdat
[2015-01-13 14:46:52]	Cannot open file 
[2015-01-13 14:46:52]	D:\JavaUse\splitWord\Data\KeyBlackList.pdat
[2015-01-13 14:46:52]	Cannot open file 
[2015-01-13 14:46:52]	D:\JavaUse\splitWord\Data\KeyBlackList.pdat
[2015-01-13 14:46:52]	Cannot open file 
[2015-01-13 14:46:52]	D:\JavaUse\splitWord\Data\KeyBlackList.pdat
[2015-01-13 14:46:52]	Cannot open file 
[2015-01-13 14:46:52]	D:\JavaUse\splitWord\Data\KeyBlackList.pdat
[2015-01-13 14:46:52]	Cannot open file 
[2015-01-13 14:46:52]	D:\JavaUse\splitWord\Data\KeyBlackList.pdat
[2015-01-13 14:46:52]	Cannot open file 
[2015-01-13 14:46:52]	D:\JavaUse\splitWord\Data\KeyBlackList.pdat
[2015-01-13 14:49:30]	Cannot open file 
[2015-01-13 14:49:30]	D:\JavaUse\splitWord\Data\KeyBlackList.pdat
[2015-01-13 14:49:30]	Cannot open file 
[2015-01-13 14:49:30]	D:\JavaUse\splitWord\Data\KeyBlackList.pdat
[2015-01-13 14:49:30]	Cannot open file 
[2015-01-13 14:49:30]	D:\JavaUse\splitWord\Data\KeyBlackList.pdat
[2015-01-13 14:49:30]	Cannot open file 
[2015-01-13 14:49:30]	D:\JavaUse\splitWord\Data\KeyBlackList.pdat
[2015-01-13 14:49:30]	Cannot open file 
[2015-01-13 14:49:30]	D:\JavaUse\splitWord\Data\KeyBlackList.pdat
[2015-01-13 14:49:30]	Cannot open file 
[2015-01-13 14:49:30]	D:\JavaUse\splitWord\Data\KeyBlackList.pdat
[2015-01-13 14:49:30]	Cannot open file 
[2015-01-13 14:49:30]	D:\JavaUse\splitWord\Data\KeyBlackList.pdat
[2015-01-13 14:49:30]	Cannot open file 
[2015-01-13 14:49:30]	D:\JavaUse\splitWord\Data\KeyBlackList.pdat
[2015-01-13 14:49:30]	Cannot open file 
[2015-01-13 14:49:30]	D:\JavaUse\splitWord\Data\KeyBlackList.pdat
[2015-01-13 14:49:30]	Cannot open file 
[2015-01-13 14:49:30]	D:\JavaUse\splitWord\Data\KeyBlackList.pdat
[2015-01-13 14:49:30]	Cannot open file 
[2015-01-13 14:49:30]	D:\JavaUse\splitWord\Data\KeyBlackList.pdat
[2015-01-13 14:49:30]	Cannot open file 
[2015-01-13 14:49:30]	D:\JavaUse\splitWord\Data\KeyBlackList.pdat
[2015-01-13 14:49:30]	Cannot open file 
[2015-01-13 14:49:30]	D:\JavaUse\splitWord\Data\KeyBlackList.pdat
[2015-01-13 14:49:30]	Cannot open file 
[2015-01-13 14:49:30]	D:\JavaUse\splitWord\Data\KeyBlackList.pdat
[2015-01-13 14:49:30]	Cannot open file 
[2015-01-13 14:49:30]	D:\JavaUse\splitWord\Data\KeyBlackList.pdat
[2015-01-13 14:49:30]	Cannot open file 
[2015-01-13 14:49:30]	D:\JavaUse\splitWord\Data\KeyBlackList.pdat
[2015-01-13 14:49:30]	Cannot open file 
[2015-01-13 14:49:30]	D:\JavaUse\splitWord\Data\KeyBlackList.pdat
[2015-01-13 14:49:30]	Cannot open file 
[2015-01-13 14:49:30]	D:\JavaUse\splitWord\Data\KeyBlackList.pdat
[2015-01-13 14:49:30]	Cannot open file 
[2015-01-13 14:49:30]	D:\JavaUse\splitWord\Data\KeyBlackList.pdat
[2015-01-13 14:50:51]	Cannot open file 
[2015-01-13 14:50:51]	D:\JavaUse\splitWord\Data\KeyBlackList.pdat
[2015-01-13 14:50:51]	Cannot open file 
[2015-01-13 14:50:51]	D:\JavaUse\splitWord\Data\KeyBlackList.pdat
[2015-01-13 14:50:51]	Cannot open file 
[2015-01-13 14:50:51]	D:\JavaUse\splitWord\Data\KeyBlackList.pdat
[2015-01-13 14:50:51]	Cannot open file 
[2015-01-13 14:50:51]	D:\JavaUse\splitWord\Data\KeyBlackList.pdat
[2015-01-13 14:50:51]	Cannot open file 
[2015-01-13 14:50:51]	D:\JavaUse\splitWord\Data\KeyBlackList.pdat
[2015-01-13 14:50:51]	Cannot open file 
[2015-01-13 14:50:51]	D:\JavaUse\splitWord\Data\KeyBlackList.pdat
[2015-01-13 14:50:51]	Cannot open file 
[2015-01-13 14:50:51]	D:\JavaUse\splitWord\Data\KeyBlackList.pdat
[2015-01-13 14:50:51]	Cannot open file 
[2015-01-13 14:50:51]	D:\JavaUse\splitWord\Data\KeyBlackList.pdat
[2015-01-13 14:50:52]	Cannot open file 
[2015-01-13 14:50:52]	D:\JavaUse\splitWord\Data\KeyBlackList.pdat
[2015-01-13 14:50:52]	Cannot open file 
[2015-01-13 14:50:52]	D:\JavaUse\splitWord\Data\KeyBlackList.pdat
[2015-01-13 14:50:52]	Cannot open file 
[2015-01-13 14:50:52]	D:\JavaUse\splitWord\Data\KeyBlackList.pdat
[2015-01-13 14:50:52]	Cannot open file 
[2015-01-13 14:50:52]	D:\JavaUse\splitWord\Data\KeyBlackList.pdat
[2015-01-13 14:50:52]	Cannot open file 
[2015-01-13 14:50:52]	D:\JavaUse\splitWord\Data\KeyBlackList.pdat
[2015-01-13 14:50:52]	Cannot open file 
[2015-01-13 14:50:52]	D:\JavaUse\splitWord\Data\KeyBlackList.pdat
[2015-01-13 14:50:52]	Cannot open file 
[2015-01-13 14:50:52]	D:\JavaUse\splitWord\Data\KeyBlackList.pdat
[2015-01-13 14:50:52]	Cannot open file 
[2015-01-13 14:50:52]	D:\JavaUse\splitWord\Data\KeyBlackList.pdat
[2015-01-13 14:50:52]	Cannot open file 
[2015-01-13 14:50:52]	D:\JavaUse\splitWord\Data\KeyBlackList.pdat
[2015-01-13 14:50:52]	Cannot open file 
[2015-01-13 14:50:52]	D:\JavaUse\splitWord\Data\KeyBlackList.pdat
[2015-01-13 14:50:52]	Cannot open file 
[2015-01-13 14:50:52]	D:\JavaUse\splitWord\Data\KeyBlackList.pdat
[2015-01-13 14:51:14]	Cannot open file 
[2015-01-13 14:51:14]	D:\JavaUse\splitWord\Data\KeyBlackList.pdat
[2015-01-13 14:51:14]	Cannot open file 
[2015-01-13 14:51:14]	D:\JavaUse\splitWord\Data\KeyBlackList.pdat
[2015-01-13 14:51:14]	Cannot open file 
[2015-01-13 14:51:14]	D:\JavaUse\splitWord\Data\KeyBlackList.pdat
[2015-01-13 14:51:14]	Cannot open file 
[2015-01-13 14:51:14]	D:\JavaUse\splitWord\Data\KeyBlackList.pdat
[2015-01-13 14:51:14]	Cannot open file 
[2015-01-13 14:51:14]	D:\JavaUse\splitWord\Data\KeyBlackList.pdat
[2015-01-13 14:51:15]	Cannot open file 
[2015-01-13 14:51:15]	D:\JavaUse\splitWord\Data\KeyBlackList.pdat
[2015-01-13 14:51:15]	Cannot open file 
[2015-01-13 14:51:15]	D:\JavaUse\splitWord\Data\KeyBlackList.pdat
[2015-01-13 14:51:15]	Cannot open file 
[2015-01-13 14:51:15]	D:\JavaUse\splitWord\Data\KeyBlackList.pdat
[2015-01-13 14:51:15]	Cannot open file 
[2015-01-13 14:51:15]	D:\JavaUse\splitWord\Data\KeyBlackList.pdat
[2015-01-13 14:51:15]	Cannot open file 
[2015-01-13 14:51:15]	D:\JavaUse\splitWord\Data\KeyBlackList.pdat
[2015-01-13 14:51:15]	Cannot open file 
[2015-01-13 14:51:15]	D:\JavaUse\splitWord\Data\KeyBlackList.pdat
[2015-01-13 14:51:15]	Cannot open file 
[2015-01-13 14:51:15]	D:\JavaUse\splitWord\Data\KeyBlackList.pdat
[2015-01-13 14:51:15]	Cannot open file 
[2015-01-13 14:51:15]	D:\JavaUse\splitWord\Data\KeyBlackList.pdat
[2015-01-13 14:51:15]	Cannot open file 
[2015-01-13 14:51:15]	D:\JavaUse\splitWord\Data\KeyBlackList.pdat
[2015-01-13 14:51:15]	Cannot open file 
[2015-01-13 14:51:15]	D:\JavaUse\splitWord\Data\KeyBlackList.pdat
[2015-01-13 14:51:15]	Cannot open file 
[2015-01-13 14:51:15]	D:\JavaUse\splitWord\Data\KeyBlackList.pdat
[2015-01-13 14:51:15]	Cannot open file 
[2015-01-13 14:51:15]	D:\JavaUse\splitWord\Data\KeyBlackList.pdat
[2015-01-13 14:51:15]	Cannot open file 
[2015-01-13 14:51:15]	D:\JavaUse\splitWord\Data\KeyBlackList.pdat
[2015-01-13 14:51:15]	Cannot open file 
[2015-01-13 14:51:15]	D:\JavaUse\splitWord\Data\KeyBlackList.pdat
[2015-01-13 14:54:54]	Cannot open file 
[2015-01-13 14:54:54]	D:\JavaUse\splitWord\Data\KeyBlackList.pdat
[2015-01-13 14:54:54]	Cannot open file 
[2015-01-13 14:54:54]	D:\JavaUse\splitWord\Data\KeyBlackList.pdat
[2015-01-13 14:54:54]	Cannot open file 
[2015-01-13 14:54:54]	D:\JavaUse\splitWord\Data\KeyBlackList.pdat
[2015-01-13 14:54:54]	Cannot open file 
[2015-01-13 14:54:54]	D:\JavaUse\splitWord\Data\KeyBlackList.pdat
[2015-01-13 14:54:54]	Cannot open file 
[2015-01-13 14:54:54]	D:\JavaUse\splitWord\Data\KeyBlackList.pdat
[2015-01-13 14:54:54]	Cannot open file 
[2015-01-13 14:54:54]	D:\JavaUse\splitWord\Data\KeyBlackList.pdat
[2015-01-13 14:54:54]	Cannot open file 
[2015-01-13 14:54:54]	D:\JavaUse\splitWord\Data\KeyBlackList.pdat
[2015-01-13 14:54:54]	Cannot open file 
[2015-01-13 14:54:54]	D:\JavaUse\splitWord\Data\KeyBlackList.pdat
[2015-01-13 14:54:54]	Cannot open file 
[2015-01-13 14:54:54]	D:\JavaUse\splitWord\Data\KeyBlackList.pdat
[2015-01-13 14:54:54]	Cannot open file 
[2015-01-13 14:54:54]	D:\JavaUse\splitWord\Data\KeyBlackList.pdat
[2015-01-13 14:54:54]	Cannot open file 
[2015-01-13 14:54:54]	D:\JavaUse\splitWord\Data\KeyBlackList.pdat
[2015-01-13 14:54:54]	Cannot open file 
[2015-01-13 14:54:54]	D:\JavaUse\splitWord\Data\KeyBlackList.pdat
[2015-01-13 14:54:54]	Cannot open file 
[2015-01-13 14:54:54]	D:\JavaUse\splitWord\Data\KeyBlackList.pdat
[2015-01-13 14:54:54]	Cannot open file 
[2015-01-13 14:54:54]	D:\JavaUse\splitWord\Data\KeyBlackList.pdat
[2015-01-13 14:54:54]	Cannot open file 
[2015-01-13 14:54:54]	D:\JavaUse\splitWord\Data\KeyBlackList.pdat
[2015-01-13 14:54:54]	Cannot open file 
[2015-01-13 14:54:54]	D:\JavaUse\splitWord\Data\KeyBlackList.pdat
[2015-01-13 14:54:54]	Cannot open file 
[2015-01-13 14:54:54]	D:\JavaUse\splitWord\Data\KeyBlackList.pdat
[2015-01-13 14:54:54]	Cannot open file 
[2015-01-13 14:54:54]	D:\JavaUse\splitWord\Data\KeyBlackList.pdat
[2015-01-13 14:54:54]	Cannot open file 
[2015-01-13 14:54:54]	D:\JavaUse\splitWord\Data\KeyBlackList.pdat
